# JRE version: OpenJDK Runtime Environment (11.0.11) (build 11.0.11+0-b60-7590822)
# Java VM: OpenJDK 64-Bit Server VM (11.0.11+0-b60-7590822, mixed mode, tiered, compressed oops, g1 gc, linux-amd64)
Heap:
 garbage-first heap   total 326656K, used 56668K [0x0000000080000000, 0x0000000100000000)
  region size 1024K, 1 young (1024K), 1 survivors (1024K)
 Metaspace       used 48121K, capacity 49517K, committed 49584K, reserved 1091584K
  class space    used 6165K, capacity 6621K, committed 6656K, reserved 1048576K
GC Heap History (20 events):
Event: 29.464 GC heap after
{Heap after GC invocations=9 (full 0):
 garbage-first heap   total 159744K, used 35921K [0x0000000080000000, 0x0000000100000000)
  region size 1024K, 2 young (2048K), 2 survivors (2048K)
 Metaspace       used 34744K, capacity 35680K, committed 35888K, reserved 1081344K
  class space    used 4532K, capacity 4907K, committed 4992K, reserved 1048576K
}
Event: 32.960 GC heap before
{Heap before GC invocations=10 (full 0):
 garbage-first heap   total 159744K, used 87121K [0x0000000080000000, 0x0000000100000000)
  region size 1024K, 50 young (51200K), 2 survivors (2048K)
 Metaspace       used 40310K, capacity 41420K, committed 41648K, reserved 1085440K
  class space    used 5122K, capacity 5514K, committed 5632K, reserved 1048576K
}
Event: 32.980 GC heap after
{Heap after GC invocations=11 (full 0):
 garbage-first heap   total 159744K, used 40732K [0x0000000080000000, 0x0000000100000000)
  region size 1024K, 7 young (7168K), 7 survivors (7168K)
 Metaspace       used 40310K, capacity 41420K, committed 41648K, reserved 1085440K
  class space    used 5122K, capacity 5514K, committed 5632K, reserved 1048576K
}
Event: 59.703 GC heap before
{Heap before GC invocations=11 (full 0):
 garbage-first heap   total 159744K, used 95004K [0x0000000080000000, 0x0000000100000000)
  region size 1024K, 57 young (58368K), 7 survivors (7168K)
 Metaspace       used 44475K, capacity 45803K, committed 46256K, reserved 1089536K
  class space    used 5591K, capacity 6026K, committed 6144K, reserved 1048576K
}
Event: 61.132 GC heap after
{Heap after GC invocations=12 (full 0):
 garbage-first heap   total 159744K, used 47463K [0x0000000080000000, 0x0000000100000000)
  region size 1024K, 5 young (5120K), 5 survivors (5120K)
 Metaspace       used 44475K, capacity 45803K, committed 46256K, reserved 1089536K
  class space    used 5591K, capacity 6026K, committed 6144K, reserved 1048576K
}
Event: 61.824 GC heap before
{Heap before GC invocations=12 (full 0):
 garbage-first heap   total 159744K, used 49511K [0x0000000080000000, 0x0000000100000000)
  region size 1024K, 7 young (7168K), 5 survivors (5120K)
 Metaspace       used 44632K, capacity 45868K, committed 46256K, reserved 1089536K
  class space    used 5602K, capacity 6026K, committed 6144K, reserved 1048576K
}
Event: 61.836 GC heap after
{Heap after GC invocations=13 (full 0):
 garbage-first heap   total 159744K, used 47737K [0x0000000080000000, 0x0000000100000000)
  region size 1024K, 1 young (1024K), 1 survivors (1024K)
 Metaspace       used 44632K, capacity 45868K, committed 46256K, reserved 1089536K
  class space    used 5602K, capacity 6026K, committed 6144K, reserved 1048576K
}
Event: 65.680 GC heap before
{Heap before GC invocations=13 (full 0):
 garbage-first heap   total 159744K, used 53881K [0x0000000080000000, 0x0000000100000000)
  region size 1024K, 7 young (7168K), 1 survivors (1024K)
 Metaspace       used 45034K, capacity 46267K, committed 46512K, reserved 1089536K
  class space    used 5659K, capacity 6096K, committed 6144K, reserved 1048576K
}
Event: 65.692 GC heap after
{Heap after GC invocations=14 (full 0):
 garbage-first heap   total 159744K, used 47884K [0x0000000080000000, 0x0000000100000000)
  region size 1024K, 1 young (1024K), 1 survivors (1024K)
 Metaspace       used 45034K, capacity 46267K, committed 46512K, reserved 1089536K
  class space    used 5659K, capacity 6096K, committed 6144K, reserved 1048576K
}
Event: 67.072 GC heap before
{Heap before GC invocations=14 (full 0):
 garbage-first heap   total 159744K, used 55052K [0x0000000080000000, 0x0000000100000000)
  region size 1024K, 8 young (8192K), 1 survivors (1024K)
 Metaspace       used 45125K, capacity 46427K, committed 46768K, reserved 1089536K
  class space    used 5672K, capacity 6104K, committed 6144K, reserved 1048576K
}
Event: 67.077 GC heap after
{Heap after GC invocations=15 (full 0):
 garbage-first heap   total 159744K, used 48644K [0x0000000080000000, 0x0000000100000000)
  region size 1024K, 1 young (1024K), 1 survivors (1024K)
 Metaspace       used 45125K, capacity 46427K, committed 46768K, reserved 1089536K
  class space    used 5672K, capacity 6104K, committed 6144K, reserved 1048576K
}
Event: 187.004 GC heap before
{Heap before GC invocations=15 (full 0):
 garbage-first heap   total 159744K, used 94724K [0x0000000080000000, 0x0000000100000000)
  region size 1024K, 42 young (43008K), 1 survivors (1024K)
 Metaspace       used 47302K, capacity 48663K, committed 48944K, reserved 1091584K
  class space    used 6022K, capacity 6465K, committed 6528K, reserved 1048576K
}
Event: 189.494 GC heap after
{Heap after GC invocations=16 (full 0):
 garbage-first heap   total 159744K, used 55955K [0x0000000080000000, 0x0000000100000000)
  region size 1024K, 5 young (5120K), 5 survivors (5120K)
 Metaspace       used 47302K, capacity 48663K, committed 48944K, reserved 1091584K
  class space    used 6022K, capacity 6465K, committed 6528K, reserved 1048576K
}
Event: 189.734 GC heap before
{Heap before GC invocations=16 (full 0):
 garbage-first heap   total 159744K, used 58003K [0x0000000080000000, 0x0000000100000000)
  region size 1024K, 7 young (7168K), 5 survivors (5120K)
 Metaspace       used 47305K, capacity 48663K, committed 48944K, reserved 1091584K
  class space    used 6023K, capacity 6465K, committed 6528K, reserved 1048576K
}
Event: 189.743 GC heap after
{Heap after GC invocations=17 (full 0):
 garbage-first heap   total 159744K, used 56371K [0x0000000080000000, 0x0000000100000000)
  region size 1024K, 1 young (1024K), 1 survivors (1024K)
 Metaspace       used 47305K, capacity 48663K, committed 48944K, reserved 1091584K
  class space    used 6023K, capacity 6465K, committed 6528K, reserved 1048576K
}
Event: 205.409 GC heap before
{Heap before GC invocations=17 (full 0):
 garbage-first heap   total 159744K, used 62515K [0x0000000080000000, 0x0000000100000000)
  region size 1024K, 7 young (7168K), 1 survivors (1024K)
 Metaspace       used 47558K, capacity 49004K, committed 49328K, reserved 1091584K
  class space    used 6070K, capacity 6536K, committed 6656K, reserved 1048576K
}
Event: 210.860 GC heap after
{Heap after GC invocations=18 (full 0):
 garbage-first heap   total 159744K, used 56096K [0x0000000080000000, 0x0000000100000000)
  region size 1024K, 1 young (1024K), 1 survivors (1024K)
 Metaspace       used 47558K, capacity 49004K, committed 49328K, reserved 1091584K
  class space    used 6070K, capacity 6536K, committed 6656K, reserved 1048576K
}
Event: 252.489 GC heap before
{Heap before GC invocations=18 (full 0):
 garbage-first heap   total 159744K, used 62240K [0x0000000080000000, 0x0000000100000000)
  region size 1024K, 7 young (7168K), 1 survivors (1024K)
 Metaspace       used 48006K, capacity 49432K, committed 49584K, reserved 1091584K
  class space    used 6147K, capacity 6613K, committed 6656K, reserved 1048576K
}
Event: 255.146 GC heap after
{Heap after GC invocations=19 (full 0):
 garbage-first heap   total 159744K, used 56438K [0x0000000080000000, 0x0000000100000000)
  region size 1024K, 1 young (1024K), 1 survivors (1024K)
 Metaspace       used 48006K, capacity 49432K, committed 49584K, reserved 1091584K
  class space    used 6147K, capacity 6613K, committed 6656K, reserved 1048576K
}
Event: 263.079 GC heap before
{Heap before GC invocations=19 (full 0):
 garbage-first heap   total 159744K, used 62582K [0x0000000080000000, 0x0000000100000000)
  region size 1024K, 7 young (7168K), 1 survivors (1024K)
 Metaspace       used 48121K, capacity 49517K, committed 49584K, reserved 1091584K
  class space    used 6165K, capacity 6621K, committed 6656K, reserved 1048576K
}

